0 info it worked if it ends with ok
1 verbose cli [ 'd:\\Program Files\\nodejs\\node.exe',
1 verbose cli   'd:\\Program Files\\nodejs\\node_modules\\npm\\bin\\npm-cli.js',
1 verbose cli   'start' ]
2 info using npm@1.4.7
3 info using node@v0.10.5
4 verbose run-script [ 'prestart', 'start', 'poststart' ]
5 info prestart kraken-practise@0.1.0
6 info start kraken-practise@0.1.0
7 verbose unsafe-perm in lifecycle true
8 info kraken-practise@0.1.0 Failed to exec start script
9 error kraken-practise@0.1.0 start: `node index.js`
9 error Exit status 1
10 error Failed at the kraken-practise@0.1.0 start script.
10 error This is most likely a problem with the kraken-practise package,
10 error not with npm itself.
10 error Tell the author that this fails on your system:
10 error     node index.js
10 error You can get their info via:
10 error     npm owner ls kraken-practise
10 error There is likely additional logging output above.
11 error System Windows_NT 6.1.7601
12 error command "d:\\Program Files\\nodejs\\node.exe" "d:\\Program Files\\nodejs\\node_modules\\npm\\bin\\npm-cli.js" "start"
13 error cwd d:\proj\node_web\kraken_practise
14 error node -v v0.10.5
15 error npm -v 1.4.7
16 error code ELIFECYCLE
17 verbose exit [ 1, true ]
